# JRE version: OpenJDK Runtime Environment JBR-11.0.9.1.11-1145.77-jcef (11.0.9.1+11) (build 11.0.9.1+11-b1145.77)
# Java VM: OpenJDK 64-Bit Server VM JBR-11.0.9.1.11-1145.77-jcef (11.0.9.1+11-b1145.77, mixed mode, tiered, compressed oops, g1 gc, windows-amd64)
Heap:
 garbage-first heap   total 398336K, used 302080K [0x0000000080000000, 0x0000000100000000)
  region size 1024K, 142 young (145408K), 17 survivors (17408K)
 Metaspace       used 117127K, capacity 120767K, committed 120912K, reserved 1155072K
  class space    used 14662K, capacity 16006K, committed 16128K, reserved 1048576K
GC Heap History (20 events):
Event: 9.370 GC heap before
{Heap before GC invocations=43 (full 0):
 garbage-first heap   total 398336K, used 346681K [0x0000000080000000, 0x0000000100000000)
  region size 1024K, 36 young (36864K), 1 survivors (1024K)
 Metaspace       used 83527K, capacity 85597K, committed 87120K, reserved 1124352K
  class space    used 10534K, capacity 11218K, committed 11776K, reserved 1048576K
}
Event: 9.371 GC heap after
{Heap after GC invocations=44 (full 0):
 garbage-first heap   total 398336K, used 311870K [0x0000000080000000, 0x0000000100000000)
  region size 1024K, 1 young (1024K), 1 survivors (1024K)
 Metaspace       used 83527K, capacity 85597K, committed 87120K, reserved 1124352K
  class space    used 10534K, capacity 11218K, committed 11776K, reserved 1048576K
}
Event: 9.530 GC heap before
{Heap before GC invocations=45 (full 0):
 garbage-first heap   total 398336K, used 275006K [0x0000000080000000, 0x0000000100000000)
  region size 1024K, 37 young (37888K), 1 survivors (1024K)
 Metaspace       used 83527K, capacity 85597K, committed 87120K, reserved 1124352K
  class space    used 10534K, capacity 11218K, committed 11776K, reserved 1048576K
}
Event: 9.531 GC heap after
{Heap after GC invocations=46 (full 0):
 garbage-first heap   total 398336K, used 238149K [0x0000000080000000, 0x0000000100000000)
  region size 1024K, 1 young (1024K), 1 survivors (1024K)
 Metaspace       used 83527K, capacity 85597K, committed 87120K, reserved 1124352K
  class space    used 10534K, capacity 11218K, committed 11776K, reserved 1048576K
}
Event: 9.920 GC heap before
{Heap before GC invocations=46 (full 0):
 garbage-first heap   total 398336K, used 318021K [0x0000000080000000, 0x0000000100000000)
  region size 1024K, 80 young (81920K), 1 survivors (1024K)
 Metaspace       used 83547K, capacity 85601K, committed 87120K, reserved 1124352K
  class space    used 10540K, capacity 11219K, committed 11776K, reserved 1048576K
}
Event: 9.923 GC heap after
{Heap after GC invocations=47 (full 0):
 garbage-first heap   total 398336K, used 238201K [0x0000000080000000, 0x0000000100000000)
  region size 1024K, 1 young (1024K), 1 survivors (1024K)
 Metaspace       used 83547K, capacity 85601K, committed 87120K, reserved 1124352K
  class space    used 10540K, capacity 11219K, committed 11776K, reserved 1048576K
}
Event: 13.920 GC heap before
{Heap before GC invocations=48 (full 0):
 garbage-first heap   total 398336K, used 208505K [0x0000000080000000, 0x0000000100000000)
  region size 1024K, 85 young (87040K), 1 survivors (1024K)
 Metaspace       used 84371K, capacity 86501K, committed 87632K, reserved 1126400K
  class space    used 10639K, capacity 11357K, committed 11776K, reserved 1048576K
}
Event: 13.924 GC heap after
{Heap after GC invocations=49 (full 0):
 garbage-first heap   total 398336K, used 112802K [0x0000000080000000, 0x0000000100000000)
  region size 1024K, 5 young (5120K), 5 survivors (5120K)
 Metaspace       used 84371K, capacity 86501K, committed 87632K, reserved 1126400K
  class space    used 10639K, capacity 11357K, committed 11776K, reserved 1048576K
}
Event: 610.901 GC heap before
{Heap before GC invocations=49 (full 0):
 garbage-first heap   total 398336K, used 287906K [0x0000000080000000, 0x0000000100000000)
  region size 1024K, 177 young (181248K), 5 survivors (5120K)
 Metaspace       used 94363K, capacity 96864K, committed 97232K, reserved 1134592K
  class space    used 11701K, capacity 12547K, committed 12672K, reserved 1048576K
}
Event: 610.909 GC heap after
{Heap after GC invocations=50 (full 0):
 garbage-first heap   total 398336K, used 119524K [0x0000000080000000, 0x0000000100000000)
  region size 1024K, 12 young (12288K), 12 survivors (12288K)
 Metaspace       used 94363K, capacity 96864K, committed 97232K, reserved 1134592K
  class space    used 11701K, capacity 12547K, committed 12672K, reserved 1048576K
}
Event: 666.372 GC heap before
{Heap before GC invocations=50 (full 0):
 garbage-first heap   total 398336K, used 319204K [0x0000000080000000, 0x0000000100000000)
  region size 1024K, 195 young (199680K), 12 survivors (12288K)
 Metaspace       used 103282K, capacity 105935K, committed 106064K, reserved 1142784K
  class space    used 12796K, capacity 13727K, committed 13824K, reserved 1048576K
}
Event: 666.379 GC heap after
{Heap after GC invocations=51 (full 0):
 garbage-first heap   total 398336K, used 135407K [0x0000000080000000, 0x0000000100000000)
  region size 1024K, 14 young (14336K), 14 survivors (14336K)
 Metaspace       used 103282K, capacity 105935K, committed 106064K, reserved 1142784K
  class space    used 12796K, capacity 13727K, committed 13824K, reserved 1048576K
}
Event: 669.058 GC heap before
{Heap before GC invocations=51 (full 0):
 garbage-first heap   total 398336K, used 313583K [0x0000000080000000, 0x0000000100000000)
  region size 1024K, 189 young (193536K), 14 survivors (14336K)
 Metaspace       used 104804K, capacity 107582K, committed 107728K, reserved 1142784K
  class space    used 12959K, capacity 13945K, committed 13952K, reserved 1048576K
}
Event: 669.072 GC heap after
{Heap after GC invocations=52 (full 0):
 garbage-first heap   total 398336K, used 138463K [0x0000000080000000, 0x0000000100000000)
  region size 1024K, 20 young (20480K), 20 survivors (20480K)
 Metaspace       used 104804K, capacity 107582K, committed 107728K, reserved 1142784K
  class space    used 12959K, capacity 13945K, committed 13952K, reserved 1048576K
}
Event: 669.714 GC heap before
{Heap before GC invocations=52 (full 0):
 garbage-first heap   total 398336K, used 317663K [0x0000000080000000, 0x0000000100000000)
  region size 1024K, 194 young (198656K), 20 survivors (20480K)
 Metaspace       used 114619K, capacity 118174K, committed 118224K, reserved 1153024K
  class space    used 14434K, capacity 15715K, committed 15744K, reserved 1048576K
}
Event: 669.727 GC heap after
{Heap after GC invocations=53 (full 0):
 garbage-first heap   total 398336K, used 151437K [0x0000000080000000, 0x0000000100000000)
  region size 1024K, 23 young (23552K), 23 survivors (23552K)
 Metaspace       used 114619K, capacity 118174K, committed 118224K, reserved 1153024K
  class space    used 14434K, capacity 15715K, committed 15744K, reserved 1048576K
}
Event: 670.265 GC heap before
{Heap before GC invocations=53 (full 0):
 garbage-first heap   total 398336K, used 317325K [0x0000000080000000, 0x0000000100000000)
  region size 1024K, 186 young (190464K), 23 survivors (23552K)
 Metaspace       used 115609K, capacity 119174K, committed 119376K, reserved 1153024K
  class space    used 14564K, capacity 15850K, committed 15872K, reserved 1048576K
}
Event: 670.274 GC heap after
{Heap after GC invocations=54 (full 0):
 garbage-first heap   total 398336K, used 151681K [0x0000000080000000, 0x0000000100000000)
  region size 1024K, 7 young (7168K), 7 survivors (7168K)
 Metaspace       used 115609K, capacity 119174K, committed 119376K, reserved 1153024K
  class space    used 14564K, capacity 15850K, committed 15872K, reserved 1048576K
}
Event: 671.090 GC heap before
{Heap before GC invocations=54 (full 0):
 garbage-first heap   total 398336K, used 342145K [0x0000000080000000, 0x0000000100000000)
  region size 1024K, 175 young (179200K), 7 survivors (7168K)
 Metaspace       used 116529K, capacity 120155K, committed 120272K, reserved 1153024K
  class space    used 14621K, capacity 15957K, committed 16000K, reserved 1048576K
}
Event: 671.097 GC heap after
{Heap after GC invocations=55 (full 0):
 garbage-first heap   total 398336K, used 174080K [0x0000000080000000, 0x0000000100000000)
  region size 1024K, 17 young (17408K), 17 survivors (17408K)
 Metaspace       used 116529K, capacity 120155K, committed 120272K, reserved 1153024K
  class space    used 14621K, capacity 15957K, committed 16000K, reserved 1048576K
}

